GROUP,PACKAGE,CLASS,INSTRUCTION_MISSED,INSTRUCTION_COVERED,BRANCH_MISSED,BRANCH_COVERED,LINE_MISSED,LINE_COVERED,COMPLEXITY_MISSED,COMPLEXITY_COVERED,METHOD_MISSED,METHOD_COVERED
ms.prueba:consultar,ms.prueba.consultar.controller,Productos,0,24,0,0,0,10,0,7,0,7
ms.prueba:consultar,ms.prueba.consultar.controller,RequestService,0,17,0,0,0,7,0,5,0,5
ms.prueba:consultar,ms.prueba.consultar.controller,ResponseServicio,0,52,0,0,0,22,0,15,0,15
ms.prueba:consultar,ms.prueba.consultar.controller,ConsultarController,0,100,0,0,0,27,0,3,0,3
ms.prueba:consultar,ms.prueba.consultar.controller,RequestServiceReclamo,0,38,0,0,0,16,0,11,0,11
ms.prueba:consultar,ms.prueba.consultar.controller,ResponseServicioReclamo,0,24,0,0,0,10,0,7,0,7
ms.prueba:consultar,ms.prueba.consultar,App,5,3,0,0,2,1,1,1,1,1
