<?xml version="1.0" encoding="UTF-8"?>
<testsuite xmlns:xsi="http://www.w3.org/2001/XMLSchema-instance" xsi:noNamespaceSchemaLocation="https://maven.apache.org/surefire/maven-surefire-plugin/xsd/surefire-test-report.xsd" name="ms.prueba.consultar.controller.ConsultarControllerTest" time="10.144" tests="2" errors="0" skipped="0" failures="0">
  <properties>
[...]
</properties>
  <testcase name="Test01Ok" classname="ms.prueba.consultar.controller.ConsultarControllerTest" time="2.463"/>
  <testcase name="Test02ok" classname="ms.prueba.consultar.controller.ConsultarControllerTest" time="0.044"/>
</testsuite>